[0mGET /user/messages/1/events?name=sem1 [31m500 [0m47.811 ms - 540[0m
[0mGET /user/messages?name=sem2 [32m200 [0m63.268 ms - 2134[0m
[0mGET /stylesheets/styles.css [36m304 [0m1.080 ms - -[0m
[0mGET /stylesheets/header.css [36m304 [0m2.403 ms - -[0m
[0mGET /images/blank-profile.jpg [36m304 [0m1.803 ms - -[0m
[0mGET /javascripts/createChat.js [32m200 [0m7.307 ms - 2286[0m
[0mGET /stylesheets/user/messages.css [32m200 [0m8.007 ms - 4858[0m
[0mGET /favicon.ico [33m404 [0m18.986 ms - 1689[0m
[0mGET /stylesheets/styles.css [36m304 [0m1.739 ms - -[0m
[0mGET /stylesheets/header.css [36m304 [0m1.169 ms - -[0m
[0mGET /stylesheets/user/messages.css [36m304 [0m1.546 ms - -[0m
[0mGET /user/messages/1/events?name=sem2 [32m200 [0m32.901 ms - -[0m
[0mGET /user/messages?name=sem2 [36m304 [0m47.574 ms - -[0m
[0mGET /stylesheets/styles.css [36m304 [0m0.970 ms - -[0m
[0mGET /stylesheets/header.css [36m304 [0m0.667 ms - -[0m
[0mGET /stylesheets/user/messages.css [36m304 [0m1.642 ms - -[0m
[0mGET /images/blank-profile.jpg [36m304 [0m1.775 ms - -[0m
[0mGET /javascripts/createChat.js [32m200 [0m3.278 ms - 2285[0m
[0mGET /user/1/?name=sem2 [33m404 [0m13.856 ms - 1519[0m
[0mGET /stylesheets/styles.css [36m304 [0m0.570 ms - -[0m
[0mGET /user/1/?name=sem2 [33m404 [0m15.213 ms - 1519[0m
[0mGET /stylesheets/styles.css [36m304 [0m0.668 ms - -[0m
[0mGET /user/1/?name=sem2 [33m404 [0m14.418 ms - 1519[0m
[0mGET /stylesheets/styles.css [36m304 [0m0.467 ms - -[0m
[0mGET /stylesheets/styles.css [36m304 [0m0.745 ms - -[0m
[0mGET /stylesheets/header.css [36m304 [0m0.715 ms - -[0m
[0mGET /stylesheets/user/messages.css [36m304 [0m0.896 ms - -[0m
[0mGET /user/1/?name=sem2 [33m404 [0m15.698 ms - 1519[0m
[0mGET /stylesheets/styles.css [36m304 [0m0.571 ms - -[0m
[0mGET /user/1/?name=sem2 [33m404 [0m15.158 ms - 1519[0m
[0mGET /stylesheets/styles.css [36m304 [0m0.630 ms - -[0m
[0mGET /user/messages?name=sem2 [36m304 [0m29.732 ms - -[0m
[0mGET /stylesheets/styles.css [36m304 [0m1.083 ms - -[0m
[0mGET /stylesheets/header.css [36m304 [0m1.050 ms - -[0m
[0mGET /stylesheets/user/messages.css [36m304 [0m1.130 ms - -[0m
[0mGET /images/blank-profile.jpg [36m304 [0m1.378 ms - -[0m
[0mGET /javascripts/createChat.js [32m200 [0m2.495 ms - 2292[0m
[0mGET /user/1/?name=sem2 [33m404 [0m11.916 ms - 1519[0m
[0mGET /stylesheets/styles.css [36m304 [0m0.573 ms - -[0m
[0mGET /user/messages?name=sem2 [36m304 [0m29.155 ms - -[0m
[0mGET /stylesheets/styles.css [36m304 [0m0.728 ms - -[0m
[0mGET /stylesheets/header.css [36m304 [0m1.061 ms - -[0m
[0mGET /stylesheets/user/messages.css [36m304 [0m1.433 ms - -[0m
[0mGET /images/blank-profile.jpg [36m304 [0m0.962 ms - -[0m
[0mGET /javascripts/createChat.js [36m304 [0m1.493 ms - -[0m
[0mGET /user/messages?name=sem2 [36m304 [0m29.835 ms - -[0m
[0mGET /stylesheets/styles.css [36m304 [0m0.579 ms - -[0m
[0mGET /stylesheets/header.css [36m304 [0m0.772 ms - -[0m
[0mGET /stylesheets/user/messages.css [36m304 [0m0.500 ms - -[0m
[0mGET /images/blank-profile.jpg [36m304 [0m0.435 ms - -[0m
[0mGET /javascripts/createChat.js [32m200 [0m1.221 ms - 2299[0m
[0mGET /user/messages/1/?name=sem2 [32m200 [0m31.639 ms - 2461[0m
[0mGET /stylesheets/styles.css [36m304 [0m0.478 ms - -[0m
[0mGET /stylesheets/header.css [36m304 [0m0.383 ms - -[0m
[0mGET /stylesheets/user/messages.css [36m304 [0m1.310 ms - -[0m
[0mGET /images/blank-profile.jpg [36m304 [0m1.449 ms - -[0m
[0mGET /javascripts/createChat.js [36m304 [0m1.543 ms - -[0m
[0mGET /javascripts/chatbox.js [32m200 [0m2.168 ms - 1420[0m
[0mGET /user/messages/1/?name=sem2 [36m304 [0m42.660 ms - -[0m
[0mGET /user/messages/1/events?name=sem2 [32m200 [0m2.528 ms - -[0m
[0mGET /stylesheets/styles.css [36m304 [0m0.587 ms - -[0m
[0mGET /stylesheets/header.css [36m304 [0m0.455 ms - -[0m
[0mGET /stylesheets/user/messages.css [36m304 [0m1.200 ms - -[0m
[0mGET /images/blank-profile.jpg [36m304 [0m0.849 ms - -[0m
[0mGET /javascripts/chatbox.js [36m304 [0m1.212 ms - -[0m
[0mGET /javascripts/createChat.js [32m200 [0m3.335 ms - 2291[0m
[0mGET /user/messages/1/1/?name=sem2 [33m404 [0m13.380 ms - 1519[0m
[0mGET /stylesheets/styles.css [36m304 [0m0.375 ms - -[0m
[0mGET /user/messages/1/?name=sem2 [36m304 [0m31.734 ms - -[0m
[0mGET /user/messages/1/events?name=sem2 [32m200 [0m11.725 ms - -[0m
[0mGET /stylesheets/styles.css [36m304 [0m0.393 ms - -[0m
[0mGET /stylesheets/header.css [36m304 [0m0.681 ms - -[0m
[0mGET /stylesheets/user/messages.css [36m304 [0m1.008 ms - -[0m
[0mGET /images/blank-profile.jpg [36m304 [0m1.094 ms - -[0m
[0mGET /javascripts/createChat.js [32m200 [0m1.914 ms - 2299[0m
[0mGET /javascripts/chatbox.js [36m304 [0m0.385 ms - -[0m
[0mGET /user/messages/1/?name=sem2 [36m304 [0m28.126 ms - -[0m
[0mGET /user/messages/1/events?name=sem2 [32m200 [0m2.204 ms - -[0m
[0mGET /stylesheets/styles.css [36m304 [0m0.526 ms - -[0m
[0mGET /stylesheets/header.css [36m304 [0m1.184 ms - -[0m
[0mGET /stylesheets/user/messages.css [36m304 [0m0.714 ms - -[0m
[0mGET /images/blank-profile.jpg [36m304 [0m1.561 ms - -[0m
[0mGET /javascripts/createChat.js [36m304 [0m1.452 ms - -[0m
[0mGET /javascripts/chatbox.js [36m304 [0m1.190 ms - -[0m
[0mGET /user/messages/1/?name=sem2 [36m304 [0m27.831 ms - -[0m
[0mGET /user/messages/1/events?name=sem2 [32m200 [0m1.888 ms - -[0m
[0mGET /stylesheets/styles.css [36m304 [0m0.575 ms - -[0m
[0mGET /stylesheets/header.css [36m304 [0m1.313 ms - -[0m
[0mGET /stylesheets/user/messages.css [36m304 [0m1.283 ms - -[0m
[0mGET /images/blank-profile.jpg [36m304 [0m1.351 ms - -[0m
[0mGET /javascripts/createChat.js [36m304 [0m1.420 ms - -[0m
[0mGET /javascripts/chatbox.js [36m304 [0m0.517 ms - -[0m
[0mGET /user/messages/1/?name=sem2 [36m304 [0m32.202 ms - -[0m
[0mGET /user/messages/1/events?name=sem2 [32m200 [0m2.165 ms - -[0m
[0mGET /stylesheets/styles.css [36m304 [0m0.516 ms - -[0m
[0mGET /stylesheets/header.css [36m304 [0m0.466 ms - -[0m
[0mGET /stylesheets/user/messages.css [36m304 [0m0.898 ms - -[0m
[0mGET /images/blank-profile.jpg [36m304 [0m0.908 ms - -[0m
[0mGET /javascripts/createChat.js [36m304 [0m1.128 ms - -[0m
[0mGET /javascripts/chatbox.js [36m304 [0m0.483 ms - -[0m
[0mGET /user/messages/1/?name=sem2 [36m304 [0m25.347 ms - -[0m
[0mGET /user/messages/1/events?name=sem2 [32m200 [0m2.272 ms - -[0m
[0mGET /stylesheets/styles.css [36m304 [0m0.507 ms - -[0m
[0mGET /stylesheets/header.css [36m304 [0m1.449 ms - -[0m
[0mGET /stylesheets/user/messages.css [36m304 [0m1.353 ms - -[0m
[0mGET /images/blank-profile.jpg [36m304 [0m1.234 ms - -[0m
[0mGET /javascripts/createChat.js [36m304 [0m1.288 ms - -[0m
[0mGET /javascripts/chatbox.js [36m304 [0m0.544 ms - -[0m
[0mGET /user/messages/1/?name=sem2 [36m304 [0m64.927 ms - -[0m
[0mGET /user/messages/1/events?name=sem2 [32m200 [0m1.805 ms - -[0m
[0mGET /stylesheets/styles.css [36m304 [0m0.418 ms - -[0m
[0mGET /stylesheets/header.css [36m304 [0m0.641 ms - -[0m
[0mGET /stylesheets/user/messages.css [36m304 [0m0.794 ms - -[0m
[0mGET /images/blank-profile.jpg [36m304 [0m0.852 ms - -[0m
[0mGET /javascripts/createChat.js [36m304 [0m0.824 ms - -[0m
[0mGET /javascripts/chatbox.js [36m304 [0m0.847 ms - -[0m
[0mGET /user/messages/events?name=sem2 [31m500 [0m13.576 ms - 540[0m
[0mGET /user/messages?name=sem2 [36m304 [0m25.808 ms - -[0m
[0mGET /stylesheets/styles.css [36m304 [0m0.555 ms - -[0m
[0mGET /stylesheets/header.css [36m304 [0m0.785 ms - -[0m
[0mGET /stylesheets/user/messages.css [36m304 [0m0.662 ms - -[0m
[0mGET /images/blank-profile.jpg [36m304 [0m1.026 ms - -[0m
[0mGET /javascripts/createChat.js [36m304 [0m1.084 ms - -[0m
[0mGET /user/messages/1/?name=sem2 [36m304 [0m24.881 ms - -[0m
[0mGET /stylesheets/styles.css [36m304 [0m0.450 ms - -[0m
[0mGET /stylesheets/header.css [36m304 [0m0.542 ms - -[0m
[0mGET /stylesheets/user/messages.css [36m304 [0m1.219 ms - -[0m
[0mGET /images/blank-profile.jpg [36m304 [0m1.224 ms - -[0m
[0mGET /javascripts/createChat.js [36m304 [0m1.405 ms - -[0m
[0mGET /javascripts/chatbox.js [36m304 [0m1.534 ms - -[0m
[0mGET /user/messages/1/events?name=sem2 [32m200 [0m1.627 ms - -[0m
[0mGET /user/messages/1/?name=sem2 [36m304 [0m27.039 ms - -[0m
[0mGET /user/messages/1/events?name=sem2 [32m200 [0m1.546 ms - -[0m
[0mGET /stylesheets/styles.css [36m304 [0m0.383 ms - -[0m
[0mGET /stylesheets/header.css [36m304 [0m1.320 ms - -[0m
[0mGET /stylesheets/user/messages.css [36m304 [0m1.250 ms - -[0m
[0mGET /images/blank-profile.jpg [36m304 [0m1.131 ms - -[0m
[0mGET /javascripts/createChat.js [36m304 [0m1.134 ms - -[0m
[0mGET /javascripts/chatbox.js [36m304 [0m0.692 ms - -[0m
[0mGET /user/messages/1/?name=sem2 [36m304 [0m23.300 ms - -[0m
[0mGET /stylesheets/styles.css [36m304 [0m0.563 ms - -[0m
[0mGET /stylesheets/header.css [36m304 [0m0.599 ms - -[0m
[0mGET /stylesheets/user/messages.css [36m304 [0m1.232 ms - -[0m
[0mGET /images/blank-profile.jpg [36m304 [0m0.932 ms - -[0m
[0mGET /javascripts/createChat.js [36m304 [0m0.880 ms - -[0m
[0mGET /javascripts/chatbox.js [36m304 [0m0.914 ms - -[0m
[0mGET /user/messages/1/events?name=sem2 [32m200 [0m1.590 ms - -[0m
[0mGET /user/messages/1/?name=sem2 [36m304 [0m28.750 ms - -[0m
[0mGET /stylesheets/styles.css [36m304 [0m0.390 ms - -[0m
[0mGET /stylesheets/header.css [36m304 [0m0.709 ms - -[0m
[0mGET /stylesheets/user/messages.css [36m304 [0m0.697 ms - -[0m
[0mGET /images/blank-profile.jpg [36m304 [0m1.416 ms - -[0m
[0mGET /javascripts/createChat.js [36m304 [0m1.628 ms - -[0m
[0mGET /javascripts/chatbox.js [36m304 [0m2.515 ms - -[0m
[0mGET /user/messages/1/events?name=sem2 [32m200 [0m2.684 ms - -[0m
[0mGET /user/messages/1/events?name=sem2 [32m200 [0m1.730 ms - -[0m
[0mGET /user/messages?name=sem2 [32m200 [0m85.531 ms - 2140[0m
[0mGET /user/NaNstylesheets/styles.css [31m500 [0m26.529 ms - 1747[0m
[0mGET /user/NaNstylesheets/header.css [31m500 [0m20.650 ms - 1747[0m
[0mGET /user/NaNstylesheets/user/messages.css [31m500 [0m22.466 ms - 1747[0m
[0mGET /images/blank-profile.jpg [36m304 [0m23.380 ms - -[0m
[0mGET /javascripts/createChat.js [32m200 [0m25.961 ms - 2299[0m
[0mGET /user/NaNstylesheets/styles.css [31m500 [0m16.002 ms - 1747[0m
[0mGET /user/NaNstylesheets/header.css [31m500 [0m18.295 ms - 1747[0m
[0mGET /user/NaNstylesheets/user/messages.css [31m500 [0m37.161 ms - 1747[0m
[0mGET /user/messages?name=sem2 [36m304 [0m29.033 ms - -[0m
[0mGET /user/NaNstylesheets/styles.css [31m500 [0m17.780 ms - 1747[0m
[0mGET /user/NaNstylesheets/header.css [31m500 [0m17.538 ms - 1747[0m
[0mGET /user/NaNstylesheets/user/messages.css [31m500 [0m28.868 ms - 1747[0m
[0mGET /javascripts/createChat.js [36m304 [0m0.763 ms - -[0m
[0mGET /images/blank-profile.jpg [36m304 [0m1.254 ms - -[0m
[0mGET /user/messages?name=sem2 [36m304 [0m92.090 ms - -[0m
[0mGET /user/NaNstylesheets/styles.css [31m500 [0m28.213 ms - 1747[0m
[0mGET /user/NaNstylesheets/header.css [31m500 [0m20.718 ms - 1747[0m
[0mGET /user/NaNstylesheets/user/messages.css [31m500 [0m21.622 ms - 1747[0m
[0mGET /images/blank-profile.jpg [36m304 [0m22.561 ms - -[0m
[0mGET /javascripts/createChat.js [36m304 [0m22.891 ms - -[0m
[0mGET /user/messages?name=sem2 [36m304 [0m60.540 ms - -[0m
[0mGET /user/NaNstylesheets/styles.css [31m500 [0m23.036 ms - 1747[0m
[0mGET /user/NaNstylesheets/header.css [31m500 [0m20.421 ms - 1747[0m
[0mGET /images/blank-profile.jpg [36m304 [0m18.333 ms - -[0m
[0mGET /javascripts/createChat.js [36m304 [0m18.494 ms - -[0m
[0mGET /user/NaNstylesheets/user/messages.css [31m500 [0m37.117 ms - 1747[0m
[0mGET /user/messages?name=sem2 [32m200 [0m47.820 ms - 2137[0m
[0mGET /images/blank-profile.jpg [36m304 [0m0.890 ms - -[0m
[0mGET /javascripts/createChat.js [36m304 [0m0.795 ms - -[0m
[0mGET /user/profile [31m500 [0m13.437 ms - 1746[0m
[0mGET /user/messages?name=sem2 [36m304 [0m23.677 ms - -[0m
[0mGET /images/blank-profile.jpg [36m304 [0m1.264 ms - -[0m
[0mGET /javascripts/createChat.js [36m304 [0m0.603 ms - -[0m
[0mGET /user/messages?name=sem2 [32m200 [0m88.973 ms - 2146[0m
[0mGET /user/NaNstylesheets/styles.css [31m500 [0m26.109 ms - 1749[0m
[0mGET /user/NaNstylesheets/header.css [31m500 [0m18.006 ms - 1749[0m
[0mGET /user/NaNstylesheets/user/messages.css [31m500 [0m20.359 ms - 1749[0m
[0mGET /javascripts/createChat.js [36m304 [0m21.509 ms - -[0m
[0mGET /images/blank-profile.jpg [36m304 [0m22.390 ms - -[0m
[0mGET /user/messages?name=sem2 [36m304 [0m67.571 ms - -[0m
[0mGET /user/NaNstylesheets/styles.css [31m500 [0m23.863 ms - 1749[0m
[0mGET /user/NaNstylesheets/header.css [31m500 [0m41.361 ms - 1749[0m
[0mGET /user/NaNstylesheets/user/messages.css [31m500 [0m71.698 ms - 1749[0m
[0mGET /javascripts/createChat.js [36m304 [0m71.927 ms - -[0m
[0mGET /images/blank-profile.jpg [36m304 [0m72.049 ms - -[0m
[0mGET /user/messages?name=sem2 [36m304 [0m27.650 ms - -[0m
[0mGET /user/NaNstylesheets/styles.css [31m500 [0m18.202 ms - 1749[0m
[0mGET /user/NaNstylesheets/header.css [31m500 [0m33.730 ms - 1749[0m
[0mGET /javascripts/createChat.js [36m304 [0m1.521 ms - -[0m
[0mGET /user/NaNstylesheets/user/messages.css [31m500 [0m13.666 ms - 1749[0m
[0mGET /images/blank-profile.jpg [36m304 [0m0.632 ms - -[0m
[0mGET /user/messages?name=sem2 [36m304 [0m28.364 ms - -[0m
[0mGET /user/NaNstylesheets/styles.css [31m500 [0m19.604 ms - 1749[0m
[0mGET /user/NaNstylesheets/header.css [31m500 [0m17.571 ms - 1749[0m
[0mGET /images/blank-profile.jpg [36m304 [0m2.614 ms - -[0m
[0mGET /user/NaNstylesheets/user/messages.css [31m500 [0m38.673 ms - 1749[0m
[0mGET /javascripts/createChat.js [36m304 [0m37.389 ms - -[0m
[0mGET /user/messages?name=sem2 [36m304 [0m86.206 ms - -[0m
[0mGET /user/NaNstylesheets/styles.css [31m500 [0m23.603 ms - 1749[0m
[0mGET /user/NaNstylesheets/header.css [31m500 [0m30.466 ms - 1749[0m
[0mGET /user/NaNstylesheets/user/messages.css [31m500 [0m61.389 ms - 1749[0m
[0mGET /javascripts/createChat.js [36m304 [0m3.299 ms - -[0m
[0mGET /images/blank-profile.jpg [36m304 [0m4.248 ms - -[0m
[0mGET /user/messages?name=sem2 [32m200 [0m63.457 ms - 2207[0m
[0mGET /stylesheets/styles.css [36m304 [0m1.315 ms - -[0m
[0mGET /user/NaNstylesheets/styles.css [31m500 [0m33.180 ms - 1810[0m
[0mGET /user/NaNstylesheets/header.css [31m500 [0m58.746 ms - 1810[0m
[0mGET /user/NaNstylesheets/user/messages.css [31m500 [0m81.309 ms - 1810[0m
[0mGET /javascripts/createChat.js [36m304 [0m1.284 ms - -[0m
[0mGET /images/blank-profile.jpg [36m304 [0m2.512 ms - -[0m
[0mGET /user/messages?name=sem2 [32m200 [0m36.725 ms - 2209[0m
[0mGET /stylesheets/styles.css [36m304 [0m0.483 ms - -[0m
[0mGET /user/NaNstylesheets/header.css [31m500 [0m19.206 ms - 1812[0m
[0mGET /javascripts/createChat.js [36m304 [0m1.776 ms - -[0m
[0mGET /user/NaNstylesheets/styles.css [31m500 [0m12.649 ms - 1812[0m
[0mGET /user/NaNstylesheets/user/messages.css [31m500 [0m27.826 ms - 1812[0m
[0mGET /images/blank-profile.jpg [36m304 [0m0.632 ms - -[0m
[0mGET /user/messages?name=sem2 [36m304 [0m40.162 ms - -[0m
[0mGET /stylesheets/styles.css [36m304 [0m1.917 ms - -[0m
[0mGET /user/NaNstylesheets/styles.css [31m500 [0m24.429 ms - 1812[0m
[0mGET /user/NaNstylesheets/user/messages.css [31m500 [0m31.964 ms - 1812[0m
[0mGET /images/blank-profile.jpg [36m304 [0m32.616 ms - -[0m
[0mGET /user/NaNstylesheets/header.css [31m500 [0m59.793 ms - 1812[0m
[0mGET /javascripts/createChat.js [36m304 [0m27.348 ms - -[0m
[0mGET /user/messages?name=sem2 [32m200 [0m44.809 ms - 2203[0m
[0mGET /stylesheets/styles.css [36m304 [0m0.405 ms - -[0m
[0mGET /stylesheets/header.css [36m304 [0m1.362 ms - -[0m
[0mGET /stylesheets/user/messages.css [36m304 [0m0.902 ms - -[0m
[0mGET /images/blank-profile.jpg [36m304 [0m1.074 ms - -[0m
[0mGET /javascripts/createChat.js [36m304 [0m0.706 ms - -[0m
[0mGET /user/messages?name=sem2 [36m304 [0m35.185 ms - -[0m
[0mGET /stylesheets/styles.css [36m304 [0m0.553 ms - -[0m
[0mGET /stylesheets/header.css [36m304 [0m0.492 ms - -[0m
[0mGET /stylesheets/user/messages.css [36m304 [0m0.657 ms - -[0m
[0mGET /javascripts/createChat.js [36m304 [0m0.862 ms - -[0m
[0mGET /images/blank-profile.jpg [36m304 [0m1.133 ms - -[0m
[0mGET /user/messages?name=sem2 [32m200 [0m29.262 ms - 2209[0m
[0mGET /stylesheets/styles.css [36m304 [0m0.512 ms - -[0m
[0mGET /stylesheets/header.css [36m304 [0m0.813 ms - -[0m
[0mGET /stylesheets/user/messages.css [36m304 [0m0.584 ms - -[0m
[0mGET /javascripts/createChat.js [36m304 [0m0.682 ms - -[0m
[0mGET /images/blank-profile.jpg [36m304 [0m0.945 ms - -[0m
[0mGET /user/messages?name=sem2 [36m304 [0m28.434 ms - -[0m
[0mGET /stylesheets/styles.css [36m304 [0m0.635 ms - -[0m
[0mGET /stylesheets/header.css [36m304 [0m1.093 ms - -[0m
[0mGET /stylesheets/user/messages.css [36m304 [0m1.213 ms - -[0m
[0mGET /images/blank-profile.jpg [36m304 [0m1.349 ms - -[0m
[0mGET /javascripts/createChat.js [36m304 [0m0.406 ms - -[0m
[0mGET /user/messages?name=sem2 [32m200 [0m29.234 ms - 2197[0m
[0mGET /user/stylesheets/styles.css [31m500 [0m18.904 ms - 1806[0m
[0mGET /user/stylesheets/header.css [31m500 [0m14.513 ms - 1806[0m
[0mGET /user/stylesheets/user/messages.css [31m500 [0m13.332 ms - 1806[0m
[0mGET /javascripts/createChat.js [36m304 [0m13.551 ms - -[0m
[0mGET /images/blank-profile.jpg [36m304 [0m13.583 ms - -[0m
[0mGET /user/messages?name=sem2 [36m304 [0m25.676 ms - -[0m
[0mGET /user/stylesheets/styles.css [31m500 [0m16.963 ms - 1806[0m
[0mGET /user/stylesheets/header.css [31m500 [0m33.912 ms - 1806[0m
[0mGET /user/stylesheets/user/messages.css [31m500 [0m29.226 ms - 1806[0m
[0mGET /images/blank-profile.jpg [36m304 [0m29.147 ms - -[0m
[0mGET /javascripts/createChat.js [36m304 [0m29.123 ms - -[0m
[0mGET /user/messages?name=sem2 [32m200 [0m27.539 ms - 2209[0m
[0mGET /stylesheets/styles.css [36m304 [0m0.508 ms - -[0m
[0mGET /stylesheets/header.css [36m304 [0m1.564 ms - -[0m
[0mGET /stylesheets/user/messages.css [36m304 [0m1.729 ms - -[0m
[0mGET /images/blank-profile.jpg [36m304 [0m1.682 ms - -[0m
[0mGET /javascripts/createChat.js [36m304 [0m0.714 ms - -[0m
[0mGET /stylesheets/styles.css [36m304 [0m0.618 ms - -[0m
[0mGET /stylesheets/header.css [36m304 [0m0.493 ms - -[0m
[0mGET /stylesheets/user/messages.css [36m304 [0m0.635 ms - -[0m
[0mGET /user/messages?name=sem2 [36m304 [0m27.294 ms - -[0m
[0mGET /stylesheets/styles.css [36m304 [0m0.429 ms - -[0m
[0mGET /stylesheets/header.css [36m304 [0m0.911 ms - -[0m
[0mGET /stylesheets/user/messages.css [36m304 [0m0.939 ms - -[0m
[0mGET /javascripts/createChat.js [36m304 [0m0.567 ms - -[0m
[0mGET /images/blank-profile.jpg [36m304 [0m0.653 ms - -[0m
[0mGET /user/messages/1/?name=sem2 [32m200 [0m30.612 ms - 2562[0m
[0mGET /user/stylesheets/styles.css [31m500 [0m18.031 ms - 1806[0m
[0mGET /user/javascripts/createChat.js [31m500 [0m17.140 ms - 1806[0m
[0mGET /images/blank-profile.jpg [36m304 [0m2.087 ms - -[0m
[0mGET /user/stylesheets/header.css [31m500 [0m18.309 ms - 1806[0m
[0mGET /user/stylesheets/user/messages.css [31m500 [0m33.041 ms - 1806[0m
[0mGET /user/javascripts/chatbox.js [31m500 [0m52.799 ms - 1806[0m
[0mGET /user/stylesheets/styles.css [31m500 [0m14.931 ms - 1806[0m
[0mGET /user/stylesheets/header.css [31m500 [0m29.089 ms - 1806[0m
[0mGET /user/stylesheets/user/messages.css [31m500 [0m45.082 ms - 1806[0m
[0mGET /user/messages/1/?name=sem2 [36m304 [0m27.188 ms - -[0m
[0mGET /user/stylesheets/styles.css [31m500 [0m17.158 ms - 1806[0m
[0mGET /user/stylesheets/header.css [31m500 [0m14.000 ms - 1806[0m
[0mGET /user/stylesheets/user/messages.css [31m500 [0m12.566 ms - 1806[0m
[0mGET /user/javascripts/createChat.js [31m500 [0m26.624 ms - 1806[0m
[0mGET /images/blank-profile.jpg [36m304 [0m26.670 ms - -[0m
[0mGET /user/javascripts/chatbox.js [31m500 [0m36.576 ms - 1806[0m
[0mGET /user/messages/1/?name=sem2 [36m304 [0m35.635 ms - -[0m
[0mGET /user/stylesheets/styles.css [31m500 [0m17.686 ms - 1806[0m
[0mGET /user/stylesheets/header.css [31m500 [0m18.271 ms - 1806[0m
[0mGET /user/stylesheets/user/messages.css [31m500 [0m23.817 ms - 1806[0m
[0mGET /user/javascripts/createChat.js [31m500 [0m42.312 ms - 1806[0m
[0mGET /images/blank-profile.jpg [36m304 [0m44.481 ms - -[0m
[0mGET /user/javascripts/chatbox.js [31m500 [0m154.074 ms - 1806[0m
[0mGET /user/messages?name=sem2 [32m200 [0m22.756 ms - 2213[0m
[0mGET /stylesheets/styles.css [36m304 [0m0.619 ms - -[0m
[0mGET /stylesheets/header.css [36m304 [0m0.428 ms - -[0m
[0mGET /stylesheets/user/messages.css [36m304 [0m0.866 ms - -[0m
[0mGET /images/blank-profile.jpg [36m304 [0m1.599 ms - -[0m
[0mGET /javascripts/createChat.js [32m200 [0m2.723 ms - 2287[0m
[0mGET /user/messages/1?name=sem2 [32m200 [0m41.900 ms - 2562[0m
[0mGET /stylesheets/styles.css [36m304 [0m0.493 ms - -[0m
[0mGET /stylesheets/header.css [36m304 [0m0.537 ms - -[0m
[0mGET /stylesheets/user/messages.css [36m304 [0m0.780 ms - -[0m
[0mGET /javascripts/createChat.js [36m304 [0m0.814 ms - -[0m
[0mGET /images/blank-profile.jpg [36m304 [0m0.896 ms - -[0m
[0mGET /javascripts/chatbox.js [36m304 [0m0.557 ms - -[0m
[0mGET /user/messages/events?name=sem2 [31m500 [0m15.406 ms - 601[0m
[0mGET /user/1?name=sem2 [33m404 [0m12.394 ms - 1580[0m
[0mGET /user/stylesheets/styles.css [31m500 [0m14.869 ms - 1806[0m
[0mGET /stylesheets/styles.css [36m304 [0m0.759 ms - -[0m
[0mGET /stylesheets/header.css [36m304 [0m0.755 ms - -[0m
[0mGET /stylesheets/user/messages.css [36m304 [0m0.700 ms - -[0m
[0mGET /user/1?name=sem2 [33m404 [0m11.355 ms - 1580[0m
[0mGET /user/stylesheets/styles.css [31m500 [0m14.954 ms - 1806[0m
[0mGET /user/1?name=sem2 [33m404 [0m10.900 ms - 1580[0m
[0mGET /user/stylesheets/styles.css [31m500 [0m14.973 ms - 1806[0m
[0mGET /user/messages/1?name=sem2 [36m304 [0m29.255 ms - -[0m
[0mGET /stylesheets/styles.css [36m304 [0m0.696 ms - -[0m
[0mGET /stylesheets/header.css [36m304 [0m0.424 ms - -[0m
[0mGET /stylesheets/user/messages.css [36m304 [0m1.044 ms - -[0m
[0mGET /images/blank-profile.jpg [36m304 [0m2.340 ms - -[0m
[0mGET /javascripts/createChat.js [32m200 [0m2.805 ms - 2279[0m
[0mGET /javascripts/chatbox.js [36m304 [0m1.215 ms - -[0m
[0mGET /user/messages/events?name=sem2 [31m500 [0m15.932 ms - 601[0m
[0mGET /user/messages/1?name=sem2 [36m304 [0m26.272 ms - -[0m
[0mGET /stylesheets/styles.css [36m304 [0m0.582 ms - -[0m
[0mGET /stylesheets/header.css [36m304 [0m0.511 ms - -[0m
[0mGET /stylesheets/user/messages.css [36m304 [0m1.044 ms - -[0m
[0mGET /images/blank-profile.jpg [36m304 [0m1.053 ms - -[0m
[0mGET /javascripts/createChat.js [36m304 [0m1.379 ms - -[0m
[0mGET /javascripts/chatbox.js [36m304 [0m0.436 ms - -[0m
[0mGET /user/messages/events?name=sem2 [31m500 [0m10.677 ms - 601[0m
[0mGET /user/messages/1?name=sem2 [36m304 [0m26.146 ms - -[0m
[0mGET /stylesheets/styles.css [36m304 [0m0.496 ms - -[0m
[0mGET /stylesheets/header.css [36m304 [0m0.974 ms - -[0m
[0mGET /stylesheets/user/messages.css [36m304 [0m1.117 ms - -[0m
[0mGET /images/blank-profile.jpg [36m304 [0m1.200 ms - -[0m
[0mGET /javascripts/createChat.js [36m304 [0m0.445 ms - -[0m
[0mGET /javascripts/chatbox.js [36m304 [0m0.512 ms - -[0m
[0mGET /user/messages/events?name=sem2 [31m500 [0m17.099 ms - 601[0m
[0mGET /stylesheets/styles.css [36m304 [0m0.879 ms - -[0m
[0mGET /stylesheets/header.css [36m304 [0m0.749 ms - -[0m
[0mGET /stylesheets/user/messages.css [36m304 [0m0.741 ms - -[0m
[0mGET /user/messages/1?name=sem2 [36m304 [0m25.186 ms - -[0m
[0mGET /stylesheets/styles.css [36m304 [0m0.388 ms - -[0m
[0mGET /stylesheets/header.css [36m304 [0m0.348 ms - -[0m
[0mGET /stylesheets/user/messages.css [36m304 [0m1.260 ms - -[0m
[0mGET /images/blank-profile.jpg [36m304 [0m1.327 ms - -[0m
[0mGET /javascripts/createChat.js [36m304 [0m1.163 ms - -[0m
[0mGET /javascripts/chatbox.js [36m304 [0m1.498 ms - -[0m
[0mGET /user/messages/events?name=sem2 [31m500 [0m14.733 ms - 601[0m
[0mGET /user/messages/1?name=sem2 [36m304 [0m28.649 ms - -[0m
[0mGET /stylesheets/styles.css [36m304 [0m0.762 ms - -[0m
[0mGET /stylesheets/header.css [36m304 [0m2.235 ms - -[0m
[0mGET /stylesheets/user/messages.css [36m304 [0m1.892 ms - -[0m
[0mGET /images/blank-profile.jpg [36m304 [0m2.168 ms - -[0m
[0mGET /javascripts/createChat.js [36m304 [0m1.270 ms - -[0m
[0mGET /javascripts/chatbox.js [32m200 [0m1.801 ms - 1523[0m
[0mGET /user/messages/1?name=sem2 [36m304 [0m28.929 ms - -[0m
[0mGET /user/messages/1/events?name=sem2 [32m200 [0m4.920 ms - -[0m
[0mGET /stylesheets/styles.css [36m304 [0m0.765 ms - -[0m
[0mGET /stylesheets/header.css [36m304 [0m0.463 ms - -[0m
[0mGET /stylesheets/user/messages.css [36m304 [0m0.503 ms - -[0m
[0mGET /images/blank-profile.jpg [36m304 [0m0.827 ms - -[0m
[0mGET /javascripts/createChat.js [36m304 [0m0.734 ms - -[0m
[0mGET /javascripts/chatbox.js [36m304 [0m0.486 ms - -[0m
[0mPOST /user/messages/1?name=sem2 [32m204 [0m27.026 ms - -[0m
[0mGET /user/messages/1?name=sem2 [32m200 [0m27.900 ms - 2705[0m
[0mGET /stylesheets/styles.css [36m304 [0m0.447 ms - -[0m
[0mGET /stylesheets/header.css [36m304 [0m0.543 ms - -[0m
[0mGET /stylesheets/user/messages.css [36m304 [0m0.772 ms - -[0m
[0mGET /javascripts/createChat.js [36m304 [0m0.853 ms - -[0m
[0mGET /images/blank-profile.jpg [36m304 [0m0.911 ms - -[0m
[0mGET /javascripts/chatbox.js [36m304 [0m0.335 ms - -[0m
[0mGET /user/messages/1/events?name=sem2 [32m200 [0m2.017 ms - -[0m
[0mGET /user/messages/1?name=sem2 [36m304 [0m27.417 ms - -[0m
[0mGET /user/messages/1/events?name=sem2 [32m200 [0m4.014 ms - -[0m
[0mGET /stylesheets/styles.css [36m304 [0m0.345 ms - -[0m
[0mGET /stylesheets/header.css [36m304 [0m0.352 ms - -[0m
[0mGET /stylesheets/user/messages.css [36m304 [0m1.220 ms - -[0m
[0mGET /images/blank-profile.jpg [36m304 [0m1.163 ms - -[0m
[0mGET /javascripts/createChat.js [36m304 [0m1.487 ms - -[0m
[0mGET /javascripts/chatbox.js [36m304 [0m1.732 ms - -[0m
[0mGET /user/messages/1?name=sem2 [36m304 [0m24.474 ms - -[0m
[0mGET /user/messages/1/events?name=sem2 [32m200 [0m2.014 ms - -[0m
[0mGET /stylesheets/styles.css [36m304 [0m0.517 ms - -[0m
[0mGET /stylesheets/header.css [36m304 [0m0.564 ms - -[0m
[0mGET /stylesheets/user/messages.css [36m304 [0m0.571 ms - -[0m
[0mGET /images/blank-profile.jpg [36m304 [0m0.484 ms - -[0m
[0mGET /javascripts/createChat.js [36m304 [0m1.062 ms - -[0m
[0mGET /javascripts/chatbox.js [36m304 [0m0.681 ms - -[0m
[0mPOST /user/messages/1?name=sem2 [32m204 [0m6.442 ms - -[0m
[0mGET /user/messages/1?name=sem2 [32m200 [0m29.262 ms - 2891[0m
[0mGET /user/messages/1/events?name=sem2 [32m200 [0m1.766 ms - -[0m
[0mGET /stylesheets/styles.css [36m304 [0m0.443 ms - -[0m
[0mGET /stylesheets/header.css [36m304 [0m1.581 ms - -[0m
[0mGET /stylesheets/user/messages.css [36m304 [0m1.609 ms - -[0m
[0mGET /images/blank-profile.jpg [36m304 [0m1.368 ms - -[0m
[0mGET /javascripts/createChat.js [36m304 [0m0.544 ms - -[0m
[0mGET /javascripts/chatbox.js [36m304 [0m0.399 ms - -[0m
[0mGET /user/messages/1?name=sem2 [36m304 [0m34.053 ms - -[0m
[0mGET /user/messages/1/events?name=sem2 [32m200 [0m3.106 ms - -[0m
[0mGET /stylesheets/styles.css [36m304 [0m0.465 ms - -[0m
[0mGET /stylesheets/header.css [36m304 [0m0.513 ms - -[0m
[0mGET /stylesheets/user/messages.css [36m304 [0m1.272 ms - -[0m
[0mGET /javascripts/createChat.js [36m304 [0m0.938 ms - -[0m
[0mGET /images/blank-profile.jpg [36m304 [0m1.009 ms - -[0m
[0mGET /javascripts/chatbox.js [36m304 [0m0.393 ms - -[0m
[0mGET /user/messages/1?name=sem2 [36m304 [0m29.751 ms - -[0m
[0mGET /user/messages/1/events?name=sem2 [32m200 [0m4.124 ms - -[0m
[0mGET /stylesheets/styles.css [36m304 [0m0.611 ms - -[0m
[0mGET /stylesheets/header.css [36m304 [0m0.433 ms - -[0m
[0mGET /stylesheets/user/messages.css [36m304 [0m0.449 ms - -[0m
[0mGET /images/blank-profile.jpg [36m304 [0m0.497 ms - -[0m
[0mGET /javascripts/createChat.js [36m304 [0m0.561 ms - -[0m
[0mGET /javascripts/chatbox.js [36m304 [0m0.625 ms - -[0m
[0mGET /user/messages/1?name=sem2 [32m200 [0m92.296 ms - 2562[0m
[0mGET /user/messages/1/events?name=sem2 [32m200 [0m44.777 ms - -[0m
[0mGET /stylesheets/styles.css [36m304 [0m1.797 ms - -[0m
[0mGET /stylesheets/header.css [36m304 [0m2.668 ms - -[0m
[0mGET /stylesheets/user/messages.css [36m304 [0m2.266 ms - -[0m
[0mGET /images/blank-profile.jpg [36m304 [0m2.338 ms - -[0m
[0mGET /javascripts/createChat.js [36m304 [0m1.563 ms - -[0m
[0mGET /javascripts/chatbox.js [36m304 [0m2.351 ms - -[0m
[0mGET /user/messages/1?name=sem2 [36m304 [0m66.405 ms - -[0m
[0mGET /user/messages/1/events?name=sem2 [32m200 [0m40.877 ms - -[0m
[0mGET /stylesheets/styles.css [36m304 [0m2.044 ms - -[0m
[0mGET /stylesheets/header.css [36m304 [0m2.772 ms - -[0m
[0mGET /stylesheets/user/messages.css [36m304 [0m2.781 ms - -[0m
[0mGET /javascripts/createChat.js [36m304 [0m3.774 ms - -[0m
[0mGET /images/blank-profile.jpg [36m304 [0m1.758 ms - -[0m
[0mGET /javascripts/chatbox.js [36m304 [0m0.714 ms - -[0m
[0mPOST /user/messages/1?name=sem2 [31m500 [0m7795.405 ms - 1665[0m
[0mGET /user/messages/1?name=sem2 [36m304 [0m67.071 ms - -[0m
[0mGET /user/messages/1/events?name=sem2 [32m200 [0m34.756 ms - -[0m
[0mGET /stylesheets/header.css [36m304 [0m3.004 ms - -[0m
[0mGET /stylesheets/user/messages.css [36m304 [0m3.559 ms - -[0m
[0mGET /stylesheets/styles.css [36m304 [0m8.406 ms - -[0m
[0mGET /images/blank-profile.jpg [36m304 [0m5.978 ms - -[0m
[0mGET /javascripts/createChat.js [36m304 [0m3.195 ms - -[0m
[0mGET /javascripts/chatbox.js [36m304 [0m3.717 ms - -[0m
[0mPOST /user/messages/1?name=sem2 [32m204 [0m22.995 ms - -[0m
[0mGET /user/messages/1?name=sem2 [32m200 [0m94.261 ms - 2562[0m
[0mGET /stylesheets/styles.css [36m304 [0m1.970 ms - -[0m
[0mGET /stylesheets/header.css [36m304 [0m2.001 ms - -[0m
[0mGET /stylesheets/user/messages.css [36m304 [0m1.731 ms - -[0m
[0mGET /javascripts/createChat.js [36m304 [0m2.213 ms - -[0m
[0mGET /images/blank-profile.jpg [36m304 [0m1.141 ms - -[0m
[0mGET /javascripts/chatbox.js [36m304 [0m0.718 ms - -[0m
[0mPOST /user/messages/1?name=sem2 [32m204 [0m25.429 ms - -[0m
[0mPOST /user/messages/1?name=sem2 [32m204 [0m6.869 ms - -[0m
[0mPOST /user/messages/1?name=sem2 [32m204 [0m7.805 ms - -[0m
[0mGET /user/messages/1?name=sem2 [32m200 [0m99.134 ms - 2562[0m
[0mGET /user/messages/1/events?name=sem2 [32m200 [0m38.969 ms - -[0m
[0mGET /stylesheets/styles.css [36m304 [0m1.933 ms - -[0m
[0mGET /stylesheets/header.css [36m304 [0m2.161 ms - -[0m
[0mGET /stylesheets/user/messages.css [36m304 [0m2.124 ms - -[0m
[0mGET /javascripts/createChat.js [36m304 [0m2.294 ms - -[0m
[0mGET /images/blank-profile.jpg [36m304 [0m2.419 ms - -[0m
[0mGET /javascripts/chatbox.js [36m304 [0m0.643 ms - -[0m
[0mGET /user/messages/1/events?name=sem1 [31m500 [0m19.489 ms - 601[0m
[0mGET /user/messages/1?name=sem1 [31m500 [0m15.484 ms - 601[0m
[0mGET /user/messages/stylesheets/styles.css [31m500 [0m20.676 ms - 1806[0m
[0mGET /user/messages/1?name=sem0 [32m200 [0m73.937 ms - 2826[0m
[0mGET /stylesheets/styles.css [36m304 [0m0.525 ms - -[0m
[0mGET /stylesheets/header.css [36m304 [0m0.533 ms - -[0m
[0mGET /stylesheets/user/messages.css [36m304 [0m2.552 ms - -[0m
[0mGET /javascripts/createChat.js [36m304 [0m1.910 ms - -[0m
[0mGET /images/blank-profile.jpg [36m304 [0m1.823 ms - -[0m
[0mGET /javascripts/chatbox.js [36m304 [0m1.851 ms - -[0m
[0mGET /user/messages/1?name=sem2 [32m200 [0m85.978 ms - 2830[0m
[0mGET /stylesheets/styles.css [36m304 [0m1.081 ms - -[0m
[0mGET /stylesheets/header.css [36m304 [0m1.198 ms - -[0m
[0mGET /stylesheets/user/messages.css [36m304 [0m1.878 ms - -[0m
[0mGET /javascripts/createChat.js [36m304 [0m1.999 ms - -[0m
[0mGET /images/blank-profile.jpg [36m304 [0m2.235 ms - -[0m
[0mGET /javascripts/chatbox.js [36m304 [0m2.660 ms - -[0m
[0mGET /user/messages/1?name=sem0 [32m200 [0m43.012 ms - 2823[0m
[0mGET /user/messages/1/events?name=sem0 [32m200 [0m37.464 ms - -[0m
[0mGET /stylesheets/styles.css [36m304 [0m0.517 ms - -[0m
[0mGET /stylesheets/header.css [36m304 [0m1.720 ms - -[0m
[0mGET /stylesheets/user/messages.css [36m304 [0m1.890 ms - -[0m
[0mGET /javascripts/chatbox.js [36m304 [0m1.714 ms - -[0m
[0mGET /images/blank-profile.jpg [36m304 [0m2.281 ms - -[0m
[0mGET /javascripts/createChat.js [36m304 [0m0.766 ms - -[0m
[0mGET /user/messages/1?name=sem0 [32m200 [0m251.998 ms - 2562[0m
[0mGET /stylesheets/styles.css [36m304 [0m3.196 ms - -[0m
[0mGET /stylesheets/header.css [36m304 [0m1.913 ms - -[0m
[0mGET /stylesheets/user/messages.css [36m304 [0m1.571 ms - -[0m
[0mGET /images/blank-profile.jpg [36m304 [0m1.997 ms - -[0m
[0mGET /javascripts/createChat.js [36m304 [0m0.636 ms - -[0m
[0mGET /javascripts/chatbox.js [36m304 [0m1.054 ms - -[0m
[0mGET /user/messages/1?name=sem0 [36m304 [0m47.679 ms - -[0m
[0mGET /user/messages/1/events?name=sem0 [32m200 [0m3.317 ms - -[0m
[0mGET /stylesheets/styles.css [36m304 [0m0.843 ms - -[0m
[0mGET /stylesheets/header.css [36m304 [0m0.901 ms - -[0m
[0mGET /stylesheets/user/messages.css [36m304 [0m1.433 ms - -[0m
[0mGET /javascripts/createChat.js [36m304 [0m1.359 ms - -[0m
[0mGET /images/blank-profile.jpg [36m304 [0m1.865 ms - -[0m
[0mGET /javascripts/chatbox.js [36m304 [0m2.425 ms - -[0m
[0mGET /user/messages/1?name=sem2 [32m200 [0m51.697 ms - 2826[0m
[0mGET /stylesheets/styles.css [36m304 [0m0.799 ms - -[0m
[0mGET /stylesheets/header.css [36m304 [0m0.533 ms - -[0m
[0mGET /stylesheets/user/messages.css [36m304 [0m1.102 ms - -[0m
[0mGET /images/blank-profile.jpg [36m304 [0m1.178 ms - -[0m
[0mGET /javascripts/createChat.js [36m304 [0m1.376 ms - -[0m
[0mGET /javascripts/chatbox.js [36m304 [0m1.489 ms - -[0m
[0mGET /user/messages/1?name=sem2 [36m304 [0m31.536 ms - -[0m
[0mGET /stylesheets/styles.css [36m304 [0m0.776 ms - -[0m
[0mGET /stylesheets/header.css [36m304 [0m0.977 ms - -[0m
[0mGET /stylesheets/user/messages.css [36m304 [0m1.028 ms - -[0m
[0mGET /images/blank-profile.jpg [36m304 [0m0.970 ms - -[0m
[0mGET /javascripts/createChat.js [36m304 [0m1.043 ms - -[0m
[0mGET /javascripts/chatbox.js [36m304 [0m1.089 ms - -[0m
[0mPOST /user/messages/1?name=sem2 [32m204 [0m24.149 ms - -[0m
[0mGET /user/messages/1?name=sem0 [32m200 [0m96.902 ms - 3019[0m
[0mGET /user/messages/1/events?name=sem0 [32m200 [0m2.092 ms - -[0m
[0mGET /stylesheets/styles.css [36m304 [0m0.498 ms - -[0m
[0mGET /stylesheets/header.css [36m304 [0m1.011 ms - -[0m
[0mGET /stylesheets/user/messages.css [36m304 [0m1.022 ms - -[0m
[0mGET /javascripts/createChat.js [36m304 [0m1.148 ms - -[0m
[0mGET /images/blank-profile.jpg [36m304 [0m1.394 ms - -[0m
[0mGET /javascripts/chatbox.js [36m304 [0m0.552 ms - -[0m
[0mGET /user/messages/1?name=sem0 [32m200 [0m69.211 ms - 2562[0m
[0mGET /user/messages/1/events?name=sem0 [32m200 [0m42.357 ms - -[0m
[0mGET /stylesheets/styles.css [36m304 [0m1.520 ms - -[0m
[0mGET /stylesheets/header.css [36m304 [0m0.909 ms - -[0m
[0mGET /stylesheets/user/messages.css [36m304 [0m1.852 ms - -[0m
[0mGET /images/blank-profile.jpg [36m304 [0m1.931 ms - -[0m
[0mGET /javascripts/createChat.js [36m304 [0m1.950 ms - -[0m
[0mGET /javascripts/chatbox.js [36m304 [0m0.415 ms - -[0m
[0mGET /user/messages/1?name=sem2 [32m200 [0m40.937 ms - 2825[0m
[0mGET /user/messages/1/events?name=sem2 [32m200 [0m18.214 ms - -[0m
[0mGET /stylesheets/styles.css [36m304 [0m0.711 ms - -[0m
[0mGET /stylesheets/header.css [36m304 [0m1.477 ms - -[0m
[0mGET /stylesheets/user/messages.css [36m304 [0m2.011 ms - -[0m
[0mGET /javascripts/createChat.js [36m304 [0m2.543 ms - -[0m
[0mGET /images/blank-profile.jpg [36m304 [0m3.074 ms - -[0m
[0mGET /javascripts/chatbox.js [36m304 [0m0.688 ms - -[0m
[0mPOST /user/messages/1?name=sem2 [32m204 [0m23.384 ms - -[0m
[0mGET /user/messages/1?name=sem0 [32m200 [0m84.166 ms - 3023[0m
[0mGET /user/messages/1/events?name=sem0 [32m200 [0m2.542 ms - -[0m
[0mGET /stylesheets/styles.css [36m304 [0m0.754 ms - -[0m
[0mGET /stylesheets/header.css [36m304 [0m1.026 ms - -[0m
[0mGET /stylesheets/user/messages.css [36m304 [0m1.407 ms - -[0m
[0mGET /images/blank-profile.jpg [36m304 [0m1.625 ms - -[0m
[0mGET /javascripts/chatbox.js [36m304 [0m2.768 ms - -[0m
[0mGET /javascripts/createChat.js [32m200 [0m4.954 ms - 2395[0m
[0mPOST /user/messages?name=sem0 [32m200 [0m26.343 ms - 50[0m
[0mGET /user/messages/2?name=sem0 [32m200 [0m40.168 ms - 2892[0m
[0mGET /stylesheets/styles.css [36m304 [0m0.541 ms - -[0m
[0mGET /stylesheets/header.css [36m304 [0m0.791 ms - -[0m
[0mGET /stylesheets/user/messages.css [36m304 [0m0.833 ms - -[0m
[0mGET /images/blank-profile.jpg [36m304 [0m0.820 ms - -[0m
[0mGET /javascripts/createChat.js [36m304 [0m0.821 ms - -[0m
[0mGET /javascripts/chatbox.js [36m304 [0m0.615 ms - -[0m
[0mPOST /user/messages/2?name=sem0 [32m204 [0m8.130 ms - -[0m
[0mGET /user/messages/1?name=sem2 [32m200 [0m39.211 ms - 3029[0m
[0mGET /user/messages/1/events?name=sem2 [32m200 [0m5.088 ms - -[0m
[0mGET /stylesheets/styles.css [36m304 [0m0.471 ms - -[0m
[0mGET /stylesheets/header.css [36m304 [0m1.159 ms - -[0m
[0mGET /stylesheets/user/messages.css [36m304 [0m1.182 ms - -[0m
[0mGET /javascripts/createChat.js [36m304 [0m1.736 ms - -[0m
[0mGET /images/blank-profile.jpg [36m304 [0m1.025 ms - -[0m
[0mGET /javascripts/chatbox.js [36m304 [0m0.969 ms - -[0m
[0mGET /user/messages/2?name=sem2 [32m200 [0m33.418 ms - 3082[0m
[0mGET /stylesheets/styles.css [36m304 [0m1.750 ms - -[0m
[0mGET /stylesheets/header.css [36m304 [0m1.508 ms - -[0m
[0mGET /stylesheets/user/messages.css [36m304 [0m1.444 ms - -[0m
[0mGET /javascripts/createChat.js [36m304 [0m0.584 ms - -[0m
[0mGET /images/blank-profile.jpg [36m304 [0m1.190 ms - -[0m
[0mGET /javascripts/chatbox.js [36m304 [0m1.111 ms - -[0m
[0mGET /user/messages/1/events?name=sem0 [32m200 [0m5.529 ms - -[0m
[0mGET /user/messages/1/events?name=sem2 [32m200 [0m9.030 ms - -[0m
[0mGET /user/messages/?name=sem5 [32m200 [0m26519.868 ms - 2288[0m
[0mGET /user/messages/?name=sem5 [0m- [0m- ms - -[0m
[0mGET /user/messages?name=sem5 [32m200 [0m11913.155 ms - 2288[0m
[0mGET /stylesheets/styles.css [36m304 [0m1.965 ms - -[0m
[0mGET /stylesheets/header.css [36m304 [0m2.656 ms - -[0m
[0mGET /stylesheets/user/messages.css [36m304 [0m0.427 ms - -[0m
[0mGET /images/blank-profile.jpg [36m304 [0m1.419 ms - -[0m
[0mGET /stylesheets/user/messagesEmpty.css [32m200 [0m4.160 ms - 83[0m
[0mGET /javascripts/createChat.js [32m200 [0m4.546 ms - 2395[0m
[0mGET /user/messages?name=sem5 [36m304 [0m66866.294 ms - -[0m
[0mGET /user/messages?name=sem5 [32m200 [0m722.734 ms - 2288[0m
[0mGET /stylesheets/styles.css [36m304 [0m0.881 ms - -[0m
[0mGET /stylesheets/header.css [36m304 [0m1.244 ms - -[0m
[0mGET /stylesheets/user/messages.css [36m304 [0m0.418 ms - -[0m
[0mGET /stylesheets/user/messagesEmpty.css [36m304 [0m0.565 ms - -[0m
[0mGET /javascripts/createChat.js [36m304 [0m0.680 ms - -[0m
[0mGET /images/blank-profile.jpg [36m304 [0m0.913 ms - -[0m
[0mGET /user/messages?name=sem5 [36m304 [0m17280.705 ms - -[0m
[0mGET /stylesheets/styles.css [36m304 [0m0.507 ms - -[0m
[0mGET /stylesheets/header.css [36m304 [0m0.438 ms - -[0m
[0mGET /stylesheets/user/messages.css [36m304 [0m0.315 ms - -[0m
[0mGET /stylesheets/user/messagesEmpty.css [36m304 [0m0.497 ms - -[0m
[0mGET /images/blank-profile.jpg [36m304 [0m0.706 ms - -[0m
[0mGET /javascripts/createChat.js [36m304 [0m0.778 ms - -[0m
[0mGET /user/messages?name=sem5 [36m304 [0m19.863 ms - -[0m
[0mGET /stylesheets/styles.css [36m304 [0m0.792 ms - -[0m
[0mGET /stylesheets/header.css [36m304 [0m0.900 ms - -[0m
[0mGET /stylesheets/user/messages.css [36m304 [0m0.289 ms - -[0m
[0mGET /stylesheets/user/messagesEmpty.css [36m304 [0m1.153 ms - -[0m
[0mGET /javascripts/createChat.js [36m304 [0m1.366 ms - -[0m
[0mGET /images/blank-profile.jpg [36m304 [0m1.504 ms - -[0m
[0mGET /user/messages?name=sem5 [36m304 [0m19.593 ms - -[0m
[0mGET /stylesheets/styles.css [36m304 [0m1.320 ms - -[0m
[0mGET /stylesheets/header.css [36m304 [0m1.627 ms - -[0m
[0mGET /stylesheets/user/messages.css [36m304 [0m1.681 ms - -[0m
[0mGET /javascripts/createChat.js [36m304 [0m1.643 ms - -[0m
[0mGET /images/blank-profile.jpg [36m304 [0m1.685 ms - -[0m
[0mGET /stylesheets/user/messagesEmpty.css [32m200 [0m3.337 ms - 122[0m
[0mGET /user/messages?name=sem5 [36m304 [0m22.062 ms - -[0m
[0mGET /stylesheets/styles.css [36m304 [0m0.370 ms - -[0m
[0mGET /stylesheets/header.css [36m304 [0m0.283 ms - -[0m
[0mGET /stylesheets/user/messages.css [36m304 [0m0.263 ms - -[0m
[0mGET /images/blank-profile.jpg [36m304 [0m0.724 ms - -[0m
[0mGET /javascripts/createChat.js [36m304 [0m0.913 ms - -[0m
[0mGET /stylesheets/user/messagesEmpty.css [32m200 [0m1.978 ms - 145[0m
[0mGET /user/messages?name=sem5 [36m304 [0m19.110 ms - -[0m
[0mGET /stylesheets/styles.css [36m304 [0m0.389 ms - -[0m
[0mGET /stylesheets/header.css [36m304 [0m0.670 ms - -[0m
[0mGET /stylesheets/user/messages.css [36m304 [0m1.094 ms - -[0m
[0mGET /javascripts/createChat.js [36m304 [0m1.188 ms - -[0m
[0mGET /images/blank-profile.jpg [36m304 [0m1.305 ms - -[0m
[0mGET /stylesheets/user/messagesEmpty.css [32m200 [0m2.371 ms - 144[0m
[0mGET /user/messages?name=sem5 [36m304 [0m20.042 ms - -[0m
[0mGET /stylesheets/styles.css [36m304 [0m0.422 ms - -[0m
[0mGET /stylesheets/header.css [36m304 [0m0.339 ms - -[0m
[0mGET /stylesheets/user/messages.css [36m304 [0m0.274 ms - -[0m
[0mGET /javascripts/createChat.js [36m304 [0m0.789 ms - -[0m
[0mGET /images/blank-profile.jpg [36m304 [0m1.048 ms - -[0m
[0mGET /stylesheets/user/messagesEmpty.css [32m200 [0m2.744 ms - 163[0m
[0mGET /user/messages?name=sem5 [36m304 [0m17.871 ms - -[0m
[0mGET /stylesheets/styles.css [36m304 [0m0.368 ms - -[0m
[0mGET /stylesheets/header.css [36m304 [0m0.282 ms - -[0m
[0mGET /stylesheets/user/messages.css [36m304 [0m0.267 ms - -[0m
[0mGET /stylesheets/user/messagesEmpty.css [36m304 [0m0.805 ms - -[0m
[0mGET /images/blank-profile.jpg [36m304 [0m0.944 ms - -[0m
[0mGET /javascripts/createChat.js [36m304 [0m1.073 ms - -[0m
[0mGET /stylesheets/styles.css [36m304 [0m0.560 ms - -[0m
[0mGET /stylesheets/header.css [36m304 [0m0.599 ms - -[0m
[0mGET /stylesheets/user/messages.css [36m304 [0m0.500 ms - -[0m
[0mGET /stylesheets/user/messagesEmpty.css [36m304 [0m0.348 ms - -[0m
[0mGET /user/messages?name=sem5 [36m304 [0m20.242 ms - -[0m
[0mGET /stylesheets/styles.css [36m304 [0m0.800 ms - -[0m
[0mGET /stylesheets/header.css [36m304 [0m0.754 ms - -[0m
[0mGET /stylesheets/user/messages.css [36m304 [0m0.846 ms - -[0m
[0mGET /javascripts/createChat.js [36m304 [0m0.855 ms - -[0m
[0mGET /images/blank-profile.jpg [36m304 [0m1.021 ms - -[0m
[0mGET /stylesheets/user/messagesEmpty.css [32m200 [0m3.046 ms - 144[0m
[0mGET /user/messages?name=sem5 [36m304 [0m24.607 ms - -[0m
[0mGET /stylesheets/styles.css [36m304 [0m0.587 ms - -[0m
[0mGET /stylesheets/header.css [36m304 [0m0.420 ms - -[0m
[0mGET /stylesheets/user/messages.css [36m304 [0m1.431 ms - -[0m
[0mGET /javascripts/createChat.js [36m304 [0m1.514 ms - -[0m
[0mGET /images/blank-profile.jpg [36m304 [0m1.852 ms - -[0m
[0mGET /stylesheets/user/messagesEmpty.css [32m200 [0m3.251 ms - 163[0m
[0mGET /user/messages?name=sem5 [36m304 [0m18.902 ms - -[0m
[0mGET /stylesheets/styles.css [36m304 [0m1.340 ms - -[0m
[0mGET /stylesheets/header.css [36m304 [0m1.476 ms - -[0m
[0mGET /stylesheets/user/messages.css [36m304 [0m1.486 ms - -[0m
[0mGET /javascripts/createChat.js [36m304 [0m1.950 ms - -[0m
[0mGET /images/blank-profile.jpg [36m304 [0m2.190 ms - -[0m
[0mGET /stylesheets/user/messagesEmpty.css [32m200 [0m4.566 ms - 207[0m
[0mGET /user/messages/1?name=sem5 [32m200 [0m20811.924 ms - 2562[0m
[0mGET /stylesheets/styles.css [36m304 [0m0.768 ms - -[0m
[0mGET /stylesheets/header.css [36m304 [0m0.610 ms - -[0m
[0mGET /stylesheets/user/messages.css [36m304 [0m0.406 ms - -[0m
[0mGET /images/blank-profile.jpg [36m304 [0m0.888 ms - -[0m
[0mGET /javascripts/createChat.js [36m304 [0m1.198 ms - -[0m
[0mGET /javascripts/chatbox.js [32m200 [0m2.650 ms - 1523[0m
[0mGET /user/messages/1?name=sem5 [36m304 [0m24.899 ms - -[0m
[0mGET /user/messages/1/events?name=sem5 [32m200 [0m3.037 ms - -[0m
[0mGET /stylesheets/styles.css [36m304 [0m0.432 ms - -[0m
[0mGET /stylesheets/header.css [36m304 [0m0.383 ms - -[0m
[0mGET /stylesheets/user/messages.css [36m304 [0m0.751 ms - -[0m
[0mGET /javascripts/createChat.js [36m304 [0m0.765 ms - -[0m
[0mGET /images/blank-profile.jpg [36m304 [0m0.620 ms - -[0m
[0mGET /javascripts/chatbox.js [36m304 [0m0.724 ms - -[0m
[0mGET /user/messages/1?name=sem5 [36m304 [0m19.014 ms - -[0m
[0mGET /user/messages/1/events?name=sem5 [32m200 [0m2.266 ms - -[0m
[0mGET /stylesheets/styles.css [36m304 [0m0.434 ms - -[0m
[0mGET /stylesheets/header.css [36m304 [0m0.407 ms - -[0m
[0mGET /stylesheets/user/messages.css [36m304 [0m0.532 ms - -[0m
[0mGET /images/blank-profile.jpg [36m304 [0m0.695 ms - -[0m
[0mGET /javascripts/createChat.js [36m304 [0m0.308 ms - -[0m
[0mGET /javascripts/chatbox.js [36m304 [0m0.280 ms - -[0m
[0mGET /user/messages/1?name=sem5 [32m200 [0m22.373 ms - 2700[0m
[0mGET /user/messages/1/events?name=sem5 [32m200 [0m2.161 ms - -[0m
[0mGET /stylesheets/styles.css [36m304 [0m1.718 ms - -[0m
[0mGET /stylesheets/header.css [36m304 [0m0.564 ms - -[0m
[0mGET /stylesheets/user/messages.css [36m304 [0m0.623 ms - -[0m
[0mGET /images/blank-profile.jpg [36m304 [0m0.886 ms - -[0m
[0mGET /javascripts/createChat.js [36m304 [0m1.174 ms - -[0m
[0mGET /javascripts/chatbox.js [36m304 [0m0.537 ms - -[0m
